\BOOKMARK [1][-]{section.1}{\376\377\0000\0001\000.\000\040\004\034\004\060\004\102\004\065\004\100\004\070\004\060\004\073\004\113}{}% 1
\BOOKMARK [2][-]{subsection.1.1}{\376\377\000R\000a\000w\000-\004\074\004\060\004\102\004\065\004\100\004\070\004\060\004\073\004\113\000\040\000\050\004\101\004\113\004\100\004\114\004\121\000\051}{section.1}% 2
\BOOKMARK [3][-]{subsubsection.1.1.1}{\376\377\000G\000r\000a\000d\000e\000\040\0001\000\040\040\024\000\040\004\036\004\107\004\065\004\075\004\114\000\040\004\100\004\060\004\101\004\077\004\100\004\076\004\101\004\102\004\100\004\060\004\075\004\121\004\075\004\075\004\113\004\065}{subsection.1.1}% 3
\BOOKMARK [3][-]{subsubsection.1.1.2}{\376\377\000G\000r\000a\000d\000e\000\040\0004\000\040\040\024\000\040\004\040\004\065\004\064\004\072\004\070\004\065\000\040\000\050\004\072\004\100\004\070\004\102\004\070\004\107\004\065\004\101\004\072\004\070\004\065\000\051}{subsection.1.1}% 4
\BOOKMARK [2][-]{subsection.1.2}{\376\377\000B\000r\000a\000i\000n\000\040\000T\000r\000e\000e\000s}{section.1}% 5
\BOOKMARK [3][-]{subsubsection.1.2.1}{\376\377\004\032\004\076\004\076\004\100\004\064\004\070\004\075\004\060\004\102\004\113\000\040\000B\000r\000a\000i\000n\000\040\000T\000r\000e\000e\000s\000\040\000\050\000S\000e\000l\000e\000n\000i\000u\000m\000\051}{subsection.1.2}% 6
\BOOKMARK [3][-]{subsubsection.1.2.2}{\376\377\004\034\004\060\004\102\004\065\004\100\004\070\004\060\004\073\004\113}{subsection.1.2}% 7
\BOOKMARK [2][-]{subsection.1.3}{\376\377\000M\000a\000n\000u\000f\000a\000c\000t\000u\000r\000e\000d\000\040\004\070\000\040\000E\000n\000c\000o\000d\000e\000d}{section.1}% 8
\BOOKMARK [3][-]{subsubsection.1.3.1}{\376\377\004\042\004\076\004\077\000-\004\073\004\076\004\072\004\060\004\106\004\070\004\070}{subsection.1.3}% 9
\BOOKMARK [1][-]{section.2}{\376\377\0000\0002\000.\000\040\004\030\004\075\004\066\004\065\004\075\004\065\004\100\004\113}{}% 10
\BOOKMARK [2][-]{subsubsection.2.0.1}{\376\377\004\041\004\062\004\076\004\064\004\075\004\060\004\117\000\040\004\102\004\060\004\061\004\073\004\070\004\106\004\060\000\040\004\070\004\075\004\066\004\065\004\075\004\065\004\100\004\076\004\062}{section.2}% 11
\BOOKMARK [1][-]{section.3}{\376\377\0000\0003\000.\000\040\004\034\004\076\004\064\004\103\004\073\004\070\000\040\004\070\000\040\004\101\004\070\004\075\004\102\004\065\004\067}{}% 12
\BOOKMARK [2][-]{subsection.3.1}{\376\377\000F\000S\000D\000\040\000I\000n\000j\000e\000c\000t\000i\000o\000n\000\040\000\050\004\061\004\103\004\101\004\102\000\040\004\077\004\100\004\113\004\066\004\072\004\060\000\051}{section.3}% 13
\BOOKMARK [2][-]{subsection.3.2}{\376\377\000S\000R\000V\000\040\000F\000u\000e\000l\000\040\000\050\004\102\004\076\004\077\004\073\004\070\004\062\004\076\000\040\004\064\004\073\004\117\000\040\004\042\004\040\004\037\000\051}{section.3}% 14
\BOOKMARK [2][-]{subsection.3.3}{\376\377\004\041\004\076\004\062\004\065\004\102\004\113\000\040\004\077\004\076\000\040\004\101\004\061\004\076\004\100\004\072\004\065}{section.3}% 15
\BOOKMARK [1][-]{section.4}{\376\377\0000\0004\000.\000\040\004\035\004\060\004\062\004\070\004\063\004\060\004\106\004\070\004\117\000\040\004\070\000\040\004\104\004\060\004\100\004\074\000-\004\073\004\076\004\072\004\060\004\106\004\070\004\070}{}% 16
\BOOKMARK [2][-]{subsection.4.1}{\376\377\004\032\004\100\004\070\004\101\004\102\004\060\004\073\004\073\004\070\004\107\004\065\004\101\004\072\004\070\004\065\000\040\004\076\004\101\004\072\004\076\004\073\004\072\004\070\000\040\000\050\000G\0004\000\040\000R\000a\000w\000\051}{section.4}% 17
\BOOKMARK [3][-]{subsubsection.4.1.1}{\376\377\004\021\004\113\004\101\004\102\004\100\004\060\004\117\000\040\004\101\004\062\004\076\004\064\004\072\004\060}{subsection.4.1}% 18
\BOOKMARK [2][-]{subsection.4.2}{\376\377\004\027\004\060\004\061\004\100\004\076\004\110\004\065\004\075\004\075\004\113\004\065\000\040\004\077\004\076\004\101\004\065\004\073\004\065\004\075\004\070\004\117}{section.4}% 19
\BOOKMARK [2][-]{subsection.4.3}{\376\377\000B\000r\000a\000i\000n\000\040\000T\000r\000e\000e\000s\000\040\040\024\000\040\000H\000R\000\040\0003\0002\0003\0000}{section.4}% 20
\BOOKMARK [1][-]{section.5}{\376\377\0000\0005\000.\000\040\004\055\004\072\004\067\004\076\004\061\004\070\004\076\004\073\004\076\004\063\004\070\004\117}{}% 21
\BOOKMARK [2][-]{subsection.5.1}{\376\377\004\042\004\036\004\037\000-\004\076\004\100\004\063\004\060\004\075\004\070\004\067\004\074\004\113\000\040\000\050\000>\0001\0006\000\040\004\074\004\073\004\075\000\040\000C\000R\000\051}{section.5}% 22
\BOOKMARK [2][-]{subsection.5.2}{\376\377\004\024\004\100\004\103\004\063\004\070\004\065\000\040\004\076\004\100\004\063\004\060\004\075\004\070\004\067\004\074\004\113}{section.5}% 23
