chktex exit: 0
Rc files read:
  /usr/local/share/latexmk/LatexMk
Latexmk: This is Latexmk, John Collins, 27 Dec. 2024. Version 4.86a.
Latexmk: Changing directory to '/compile/build/elite-handbook/'
Force *latex to be remade.
------------
Running 'internal overleaf_pre_process "main.tex" "/compile/output.pdf"'
------------
Latexmk: calling overleaf_pre_process( "main.tex" "/compile/output.pdf" )
Latexmk: applying rule 'xelatex'...
Rule 'xelatex':  Reasons for rerun
Category 'other':
  Rerun of 'xelatex' forced or previously required:
    Reason or flag: 'go_mode=3'

------------
Run number 1 of rule 'xelatex'
------------
------------
Running 'xelatex -no-pdf -synctex=1 -interaction=batchmode -recorder --jobname="output" -output-directory="/compile"  "main.tex"'
------------
This is XeTeX, Version 3.141592653-2.6-0.999997 (TeX Live 2025) (preloaded format=xelatex)
 \write18 enabled.
entering extended mode

SyncTeX written on /compile/output.synctex.gz.Latexmk: Getting log file '/compile/output.log'
Latexmk: Examining '/compile/output.fls'
Latexmk: Examining '/compile/output.log'
Latexmk: Log file says output to '/compile/output.xdv'
Latexmk: applying rule 'xelatex'...
Rule 'xelatex':  Reasons for rerun
Changed files or newly in use/created:
  /compile/output.aux

------------
Run number 2 of rule 'xelatex'
------------
------------
Running 'xelatex -no-pdf -synctex=1 -interaction=batchmode -recorder --jobname="output" -output-directory="/compile"  "main.tex"'
------------
This is XeTeX, Version 3.141592653-2.6-0.999997 (TeX Live 2025) (preloaded format=xelatex)
 \write18 enabled.
entering extended mode

SyncTeX written on /compile/output.synctex.gz.Latexmk: Getting log file '/compile/output.log'
Latexmk: Examining '/compile/output.fls'
Latexmk: Examining '/compile/output.log'
Latexmk: Log file says output to '/compile/output.xdv'
Latexmk: applying rule 'xdvipdfmx'...
Rule 'xdvipdfmx':  Reasons for rerun
Changed files or newly in use/created:
  /compile/output.xdv
Category 'changed_source_rules':
  xelatex
Category 'no_dest':
  xdvipdfmx

------------
Run number 1 of rule 'xdvipdfmx'
------------
------------
Running 'xdvipdfmx -z 6 -i dvipdfmx-unsafe.cfg -o "/compile/output.pdf"  "/compile/output.xdv"'
------------
Latexmk: Errors, in force_mode: so I tried finishing targets
------------
Running 'internal overleaf_post_process "main.tex" "/compile/output.pdf"'
------------
Latexmk: calling overleaf_post_process( "main.tex" "/compile/output.pdf" )
qpdf exit code=0
Renaming optimised file to /compile/output.pdf
Extracting xref table for /compile/output.pdf
qpdf --show-xref exit code=0
Collected error summary (may duplicate other messages):
  xelatex: Command for 'xelatex' gave return code 1
      Refer to '/compile/output.log' and/or above output for details
Latexmk: Undoing directory change
'xelatex': time = 2.01
'xelatex': time = 2.41
'xdvipdfmx': time = 0.30
Processing time = 5.11, of which invoked processes = 4.72, other = 0.39.
Elapsed clock time = 6.40.
Number of rules run = 3

